0 info it worked if it ends with ok
1 verbose cli [ 'C:\\Program Files\\nodejs\\node.exe',
1 verbose cli   'C:\\Users\\tranq_000\\AppData\\Roaming\\npm\\node_modules\\npm\\bin\\npm-cli.js',
1 verbose cli   'start' ]
2 info using npm@3.10.9
3 info using node@v4.6.1
4 verbose run-script [ 'prestart', 'start', 'poststart' ]
5 info lifecycle MedicalCare@0.0.0~prestart: MedicalCare@0.0.0
6 silly lifecycle MedicalCare@0.0.0~prestart: no script for prestart, continuing
7 info lifecycle MedicalCare@0.0.0~start: MedicalCare@0.0.0
8 verbose lifecycle MedicalCare@0.0.0~start: unsafe-perm in lifecycle true
9 verbose lifecycle MedicalCare@0.0.0~start: PATH: C:\Users\tranq_000\AppData\Roaming\npm\node_modules\npm\bin\node-gyp-bin;E:\LAP_TRINH_NODE_JS\DU AN\MedicalCare\node_modules\.bin;C:\ProgramData\Oracle\Java\javapath;C:\Program Files (x86)\Intel\iCLS Client\;C:\Program Files\Intel\iCLS Client\;C:\Windows\system32;C:\Windows;C:\Windows\System32\Wbem;C:\Windows\System32\WindowsPowerShell\v1.0\;C:\Program Files\Intel\Intel(R) Management Engine Components\DAL;C:\Program Files\Intel\Intel(R) Management Engine Components\IPT;C:\Program Files (x86)\Intel\Intel(R) Management Engine Components\DAL;C:\Program Files (x86)\Intel\Intel(R) Management Engine Components\IPT;C:\Program Files\Git\cmd;C:\Program Files (x86)\Skype\Phone\;C:\Ruby23-x64\bin;C:\Program Files\nodejs\;C:\Program Files (x86)\Heroku\bin;C:\Program Files (x86)\git\cmd;C:\Program Files (x86)\Git\cmd;C:\Program Files\Java\jdk1.8.0_112\bin;C:\Program Files\MongoDB\Server\3.0\bin;D:\jdk\bin;E:\Vagrant\bin;C:\Users\tranq_000\AppData\Roaming\npm
10 verbose lifecycle MedicalCare@0.0.0~start: CWD: E:\LAP_TRINH_NODE_JS\DU AN\MedicalCare
11 silly lifecycle MedicalCare@0.0.0~start: Args: [ '/d /s /c', 'node app.js' ]
12 silly lifecycle MedicalCare@0.0.0~start: Returned: code: 3221225786  signal: null
13 info lifecycle MedicalCare@0.0.0~start: Failed to exec start script
14 verbose stack Error: MedicalCare@0.0.0 start: `node app.js`
14 verbose stack Exit status 3221225786
14 verbose stack     at EventEmitter.<anonymous> (C:\Users\tranq_000\AppData\Roaming\npm\node_modules\npm\lib\utils\lifecycle.js:255:16)
14 verbose stack     at emitTwo (events.js:87:13)
14 verbose stack     at EventEmitter.emit (events.js:172:7)
14 verbose stack     at ChildProcess.<anonymous> (C:\Users\tranq_000\AppData\Roaming\npm\node_modules\npm\lib\utils\spawn.js:40:14)
14 verbose stack     at emitTwo (events.js:87:13)
14 verbose stack     at ChildProcess.emit (events.js:172:7)
14 verbose stack     at maybeClose (internal/child_process.js:829:16)
14 verbose stack     at Process.ChildProcess._handle.onexit (internal/child_process.js:211:5)
15 verbose pkgid MedicalCare@0.0.0
16 verbose cwd E:\LAP_TRINH_NODE_JS\DU AN\MedicalCare
17 error Windows_NT 6.3.9600
18 error argv "C:\\Program Files\\nodejs\\node.exe" "C:\\Users\\tranq_000\\AppData\\Roaming\\npm\\node_modules\\npm\\bin\\npm-cli.js" "start"
19 error node v4.6.1
20 error npm  v3.10.9
21 error code ELIFECYCLE
22 error MedicalCare@0.0.0 start: `node app.js`
22 error Exit status 3221225786
23 error Failed at the MedicalCare@0.0.0 start script 'node app.js'.
23 error Make sure you have the latest version of node.js and npm installed.
23 error If you do, this is most likely a problem with the MedicalCare package,
23 error not with npm itself.
23 error Tell the author that this fails on your system:
23 error     node app.js
23 error You can get information on how to open an issue for this project with:
23 error     npm bugs MedicalCare
23 error Or if that isn't available, you can get their info via:
23 error     npm owner ls MedicalCare
23 error There is likely additional logging output above.
24 verbose exit [ 1, true ]
